<?xml version="1.0" encoding="UTF-8"?>
<testng-results ignored="0" total="1" passed="1" failed="0" skipped="0">
  <reporter-output>
  </reporter-output>
  <suite started-at="2022-07-24T22:11:30 PDT" name="Default suite" finished-at="2022-07-24T22:11:55 PDT" duration-ms="25384">
    <groups>
      <group name="cucumber">
        <method signature="AbstractTestNGCucumberTests.feature(cucumber.api.testng.CucumberFeatureWrapper)[pri:0, instance:com.rok.suravee.testRunner@3e6ef8ad]" name="feature" class="cucumber.api.testng.AbstractTestNGCucumberTests"/>
      </group> <!-- cucumber -->
    </groups>
    <test started-at="2022-07-24T22:11:30 PDT" name="Default test" finished-at="2022-07-24T22:11:55 PDT" duration-ms="25384">
      <class name="com.rok.suravee.testRunner">
        <test-method is-config="true" signature="setUpClass()[pri:0, instance:com.rok.suravee.testRunner@3e6ef8ad]" started-at="2022-07-24T22:11:30 PDT" name="setUpClass" finished-at="2022-07-24T22:11:30 PDT" duration-ms="224" status="PASS">
          <reporter-output>
          </reporter-output>
        </test-method> <!-- setUpClass -->
        <test-method signature="feature(cucumber.api.testng.CucumberFeatureWrapper)[pri:0, instance:com.rok.suravee.testRunner@3e6ef8ad]" started-at="2022-07-24T22:11:30 PDT" name="feature" description="Runs Cucumber Feature" data-provider="features" finished-at="2022-07-24T22:11:55 PDT" duration-ms="24988" status="PASS">
          <params>
            <param index="0">
              <value>
                <![CDATA[This is a validate user can see new homes]]>
              </value>
            </param>
          </params>
          <reporter-output>
          </reporter-output>
        </test-method> <!-- feature -->
        <test-method is-config="true" signature="tearDownClass()[pri:0, instance:com.rok.suravee.testRunner@3e6ef8ad]" started-at="2022-07-24T22:11:55 PDT" name="tearDownClass" finished-at="2022-07-24T22:11:55 PDT" duration-ms="16" status="PASS">
          <reporter-output>
          </reporter-output>
        </test-method> <!-- tearDownClass -->
      </class> <!-- com.rok.suravee.testRunner -->
    </test> <!-- Default test -->
  </suite> <!-- Default suite -->
</testng-results>
